# JRE version: Java(TM) SE Runtime Environment (8.0_211-b12) (build 1.8.0_211-b12)
# Java VM: Java HotSpot(TM) 64-Bit Server VM (25.211-b12 mixed mode windows-amd64 compressed oops)
Heap:
 PSYoungGen      total 157696K, used 60290K [0x00000000f5580000, 0x0000000100000000, 0x0000000100000000)
  eden space 142336K, 31% used [0x00000000f5580000,0x00000000f8162338,0x00000000fe080000)
  from space 15360K, 99% used [0x00000000fe080000,0x00000000fef7e738,0x00000000fef80000)
  to   space 16896K, 0% used [0x00000000fef80000,0x00000000fef80000,0x0000000100000000)
 ParOldGen       total 349696K, used 299489K [0x00000000e0000000, 0x00000000f5580000, 0x00000000f5580000)
  object space 349696K, 85% used [0x00000000e0000000,0x00000000f2478750,0x00000000f5580000)
 Metaspace       used 216933K, capacity 226889K, committed 227020K, reserved 1247232K
  class space    used 27150K, capacity 29027K, committed 29132K, reserved 1048576K
GC Heap History (10 events):
Event: 4072.459 GC heap before
{Heap before GC invocations=471 (full 20):
 PSYoungGen      total 153600K, used 144534K [0x00000000f5580000, 0x00000000ffd80000, 0x0000000100000000)
  eden space 138240K, 100% used [0x00000000f5580000,0x00000000fdc80000,0x00000000fdc80000)
  from space 15360K, 40% used [0x00000000fee80000,0x00000000ff4a5bc0,0x00000000ffd80000)
  to   space 16896K, 0% used [0x00000000fdc80000,0x00000000fdc80000,0x00000000fed00000)
 ParOldGen       total 349696K, used 287677K [0x00000000e0000000, 0x00000000f5580000, 0x00000000f5580000)
  object space 349696K, 82% used [0x00000000e0000000,0x00000000f18ef568,0x00000000f5580000)
 Metaspace       used 216027K, capacity 225719K, committed 226252K, reserved 1247232K
  class space    used 27046K, capacity 28890K, committed 29132K, reserved 1048576K
Event: 4072.481 GC heap after
Heap after GC invocations=471 (full 20):
 PSYoungGen      total 155136K, used 6742K [0x00000000f5580000, 0x0000000100000000, 0x0000000100000000)
  eden space 138240K, 0% used [0x00000000f5580000,0x00000000f5580000,0x00000000fdc80000)
  from space 16896K, 39% used [0x00000000fdc80000,0x00000000fe315bc0,0x00000000fed00000)
  to   space 16384K, 0% used [0x00000000ff000000,0x00000000ff000000,0x0000000100000000)
 ParOldGen       total 349696K, used 288157K [0x00000000e0000000, 0x00000000f5580000, 0x00000000f5580000)
  object space 349696K, 82% used [0x00000000e0000000,0x00000000f1967568,0x00000000f5580000)
 Metaspace       used 216027K, capacity 225719K, committed 226252K, reserved 1247232K
  class space    used 27046K, capacity 28890K, committed 29132K, reserved 1048576K
}
Event: 4073.089 GC heap before
{Heap before GC invocations=472 (full 20):
 PSYoungGen      total 155136K, used 144982K [0x00000000f5580000, 0x0000000100000000, 0x0000000100000000)
  eden space 138240K, 100% used [0x00000000f5580000,0x00000000fdc80000,0x00000000fdc80000)
  from space 16896K, 39% used [0x00000000fdc80000,0x00000000fe315bc0,0x00000000fed00000)
  to   space 16384K, 0% used [0x00000000ff000000,0x00000000ff000000,0x0000000100000000)
 ParOldGen       total 349696K, used 288157K [0x00000000e0000000, 0x00000000f5580000, 0x00000000f5580000)
  object space 349696K, 82% used [0x00000000e0000000,0x00000000f1967568,0x00000000f5580000)
 Metaspace       used 216028K, capacity 225719K, committed 226252K, reserved 1247232K
  class space    used 27046K, capacity 28890K, committed 29132K, reserved 1048576K
Event: 4073.118 GC heap after
Heap after GC invocations=472 (full 20):
 PSYoungGen      total 157184K, used 6838K [0x00000000f5580000, 0x00000000fff80000, 0x0000000100000000)
  eden space 141312K, 0% used [0x00000000f5580000,0x00000000f5580000,0x00000000fdf80000)
  from space 15872K, 43% used [0x00000000ff000000,0x00000000ff6adbc0,0x00000000fff80000)
  to   space 16384K, 0% used [0x00000000fdf80000,0x00000000fdf80000,0x00000000fef80000)
 ParOldGen       total 349696K, used 288677K [0x00000000e0000000, 0x00000000f5580000, 0x00000000f5580000)
  object space 349696K, 82% used [0x00000000e0000000,0x00000000f19e9568,0x00000000f5580000)
 Metaspace       used 216028K, capacity 225719K, committed 226252K, reserved 1247232K
  class space    used 27046K, capacity 28890K, committed 29132K, reserved 1048576K
}
Event: 4073.705 GC heap before
{Heap before GC invocations=473 (full 20):
 PSYoungGen      total 157184K, used 148150K [0x00000000f5580000, 0x00000000fff80000, 0x0000000100000000)
  eden space 141312K, 100% used [0x00000000f5580000,0x00000000fdf80000,0x00000000fdf80000)
  from space 15872K, 43% used [0x00000000ff000000,0x00000000ff6adbc0,0x00000000fff80000)
  to   space 16384K, 0% used [0x00000000fdf80000,0x00000000fdf80000,0x00000000fef80000)
 ParOldGen       total 349696K, used 288677K [0x00000000e0000000, 0x00000000f5580000, 0x00000000f5580000)
  object space 349696K, 82% used [0x00000000e0000000,0x00000000f19e9568,0x00000000f5580000)
 Metaspace       used 216029K, capacity 225719K, committed 226252K, reserved 1247232K
  class space    used 27046K, capacity 28890K, committed 29132K, reserved 1048576K
Event: 4073.732 GC heap after
Heap after GC invocations=473 (full 20):
 PSYoungGen      total 157696K, used 6966K [0x00000000f5580000, 0x00000000fff80000, 0x0000000100000000)
  eden space 141312K, 0% used [0x00000000f5580000,0x00000000f5580000,0x00000000fdf80000)
  from space 16384K, 42% used [0x00000000fdf80000,0x00000000fe64dbc0,0x00000000fef80000)
  to   space 15872K, 0% used [0x00000000ff000000,0x00000000ff000000,0x00000000fff80000)
 ParOldGen       total 349696K, used 289213K [0x00000000e0000000, 0x00000000f5580000, 0x00000000f5580000)
  object space 349696K, 82% used [0x00000000e0000000,0x00000000f1a6f568,0x00000000f5580000)
 Metaspace       used 216029K, capacity 225719K, committed 226252K, reserved 1247232K
  class space    used 27046K, capacity 28890K, committed 29132K, reserved 1048576K
}
Event: 4074.290 GC heap before
{Heap before GC invocations=474 (full 20):
 PSYoungGen      total 157696K, used 148278K [0x00000000f5580000, 0x00000000fff80000, 0x0000000100000000)
  eden space 141312K, 100% used [0x00000000f5580000,0x00000000fdf80000,0x00000000fdf80000)
  from space 16384K, 42% used [0x00000000fdf80000,0x00000000fe64dbc0,0x00000000fef80000)
  to   space 15872K, 0% used [0x00000000ff000000,0x00000000ff000000,0x00000000fff80000)
 ParOldGen       total 349696K, used 289213K [0x00000000e0000000, 0x00000000f5580000, 0x00000000f5580000)
  object space 349696K, 82% used [0x00000000e0000000,0x00000000f1a6f568,0x00000000f5580000)
 Metaspace       used 216105K, capacity 225801K, committed 226252K, reserved 1247232K
  class space    used 27059K, capacity 28899K, committed 29132K, reserved 1048576K
Event: 4074.317 GC heap after
Heap after GC invocations=474 (full 20):
 PSYoungGen      total 157184K, used 7302K [0x00000000f5580000, 0x00000000ffe80000, 0x0000000100000000)
  eden space 142336K, 0% used [0x00000000f5580000,0x00000000f5580000,0x00000000fe080000)
  from space 14848K, 49% used [0x00000000ff000000,0x00000000ff721bd0,0x00000000ffe80000)
  to   space 15360K, 0% used [0x00000000fe080000,0x00000000fe080000,0x00000000fef80000)
 ParOldGen       total 349696K, used 289685K [0x00000000e0000000, 0x00000000f5580000, 0x00000000f5580000)
  object space 349696K, 82% used [0x00000000e0000000,0x00000000f1ae5568,0x00000000f5580000)
 Metaspace       used 216105K, capacity 225801K, committed 226252K, reserved 1247232K
  class space    used 27059K, capacity 28899K, committed 29132K, reserved 1048576K
}
Event: 4077.059 GC heap before
{Heap before GC invocations=475 (full 20):
 PSYoungGen      total 157184K, used 149602K [0x00000000f5580000, 0x00000000ffe80000, 0x0000000100000000)
  eden space 142336K, 99% used [0x00000000f5580000,0x00000000fe076e48,0x00000000fe080000)
  from space 14848K, 49% used [0x00000000ff000000,0x00000000ff721bd0,0x00000000ffe80000)
  to   space 15360K, 0% used [0x00000000fe080000,0x00000000fe080000,0x00000000fef80000)
 ParOldGen       total 349696K, used 289685K [0x00000000e0000000, 0x00000000f5580000, 0x00000000f5580000)
  object space 349696K, 82% used [0x00000000e0000000,0x00000000f1ae5568,0x00000000f5580000)
 Metaspace       used 216636K, capacity 226509K, committed 226764K, reserved 1247232K
  class space    used 27114K, capacity 28979K, committed 29132K, reserved 1048576K
Event: 4077.100 GC heap after
Heap after GC invocations=475 (full 20):
 PSYoungGen      total 157696K, used 15353K [0x00000000f5580000, 0x0000000100000000, 0x0000000100000000)
  eden space 142336K, 0% used [0x00000000f5580000,0x00000000f5580000,0x00000000fe080000)
  from space 15360K, 99% used [0x00000000fe080000,0x00000000fef7e738,0x00000000fef80000)
  to   space 16896K, 0% used [0x00000000fef80000,0x00000000fef80000,0x0000000100000000)
 ParOldGen       total 349696K, used 299489K [0x00000000e0000000, 0x00000000f5580000, 0x00000000f5580000)
  object space 349696K, 85% used [0x00000000e0000000,0x00000000f2478750,0x00000000f5580000)
 Metaspace       used 216636K, capacity 226509K, committed 226764K, reserved 1247232K
  class space    used 27114K, capacity 28979K, committed 29132K, reserved 1048576K
}

